0 info it worked if it ends with ok
1 verbose cli [ '/Users/halkej01/.nvm/versions/node/v0.12.9/bin/node',
1 verbose cli   '/Users/halkej01/.nvm/versions/node/v0.12.9/bin/npm',
1 verbose cli   'start' ]
2 info using npm@2.14.9
3 info using node@v0.12.9
4 verbose stack Error: missing script: start
4 verbose stack     at run (/Users/halkej01/.nvm/versions/node/v0.12.9/lib/node_modules/npm/lib/run-script.js:142:19)
4 verbose stack     at /Users/halkej01/.nvm/versions/node/v0.12.9/lib/node_modules/npm/lib/run-script.js:58:5
4 verbose stack     at /Users/halkej01/.nvm/versions/node/v0.12.9/lib/node_modules/npm/node_modules/read-package-json/read-json.js:345:5
4 verbose stack     at checkBinReferences_ (/Users/halkej01/.nvm/versions/node/v0.12.9/lib/node_modules/npm/node_modules/read-package-json/read-json.js:309:45)
4 verbose stack     at final (/Users/halkej01/.nvm/versions/node/v0.12.9/lib/node_modules/npm/node_modules/read-package-json/read-json.js:343:3)
4 verbose stack     at then (/Users/halkej01/.nvm/versions/node/v0.12.9/lib/node_modules/npm/node_modules/read-package-json/read-json.js:113:5)
4 verbose stack     at /Users/halkej01/.nvm/versions/node/v0.12.9/lib/node_modules/npm/node_modules/read-package-json/read-json.js:300:12
4 verbose stack     at /Users/halkej01/.nvm/versions/node/v0.12.9/lib/node_modules/npm/node_modules/graceful-fs/graceful-fs.js:76:16
4 verbose stack     at fs.js:334:14
4 verbose stack     at /Users/halkej01/.nvm/versions/node/v0.12.9/lib/node_modules/npm/node_modules/graceful-fs/graceful-fs.js:42:10
5 verbose cwd /Users/halkej01/Jops/Node/unity-node-server
6 error Darwin 15.6.0
7 error argv "/Users/halkej01/.nvm/versions/node/v0.12.9/bin/node" "/Users/halkej01/.nvm/versions/node/v0.12.9/bin/npm" "start"
8 error node v0.12.9
9 error npm  v2.14.9
10 error missing script: start
11 error If you need help, you may report this error at:
11 error     <https://github.com/npm/npm/issues>
12 verbose exit [ 1, true ]
